{"uuid":"490c91aa-2908-461e-9365-ff60f06b372f","historyId":"800681f38b9827f95d9b3331aa122e76","fullName":"User to sign in the dsalgo application and test Queue page: The user should be directed to editor page with run button to test python code from Implementation using collections delque link","labels":[{"name":"tag","value":"QueueSuite"},{"name":"tag","value":"TestSuite_queue_06"},{"name":"host","value":"LAPTOP-K63R5G3F"},{"name":"thread","value":"123524@LAPTOP-K63R5G3F.main(1)"},{"name":"feature","value":"User to sign in the dsalgo application and test Queue page"},{"name":"story","value":"The user should be directed to editor page with run button to test python code from Implementation using collections delque link"},{"name":"suite","value":"User to sign in the dsalgo application and test Queue page"},{"name":"testClass","value":"The user should be directed to editor page with run button to test python code from Implementation using collections delque link"},{"name":"framework","value":"cucumber4jvm"},{"name":"language","value":"java"},{"name":"gherkin_uri","value":"file:///C:/Users/karth/Dsalgo_The-Xpathers/src/test/resources/features/08_Queue.feature"},{"name":"package","value":"src.test.resources.features.08_Queue_feature.User to sign in the dsalgo application and test Queue page"}],"links":[],"name":"The user should be directed to editor page with run button to test python code from Implementation using collections delque link","status":"broken","statusDetails":{"known":false,"muted":false,"flaky":false,"message":"no such window: target window already closed\nfrom unknown error: web view not found\n  (Session info: chrome=110.0.5481.178)\nBuild info: version: '4.7.2', revision: '4d4020c3b7'\nSystem info: os.name: 'Windows 11', os.arch: 'amd64', os.version: '10.0', java.version: '19.0.1'\nDriver info: org.openqa.selenium.chrome.ChromeDriver\nCommand: [79c2d721f294e6ec27622d13f3deb029, getTitle {}]\nCapabilities {acceptInsecureCerts: false, browserName: chrome, browserVersion: 110.0.5481.178, chrome: {chromedriverVersion: 110.0.5481.77 (65ed616c6e8e..., userDataDir: C:\\Users\\karth\\AppData\\Loca...}, goog:chromeOptions: {debuggerAddress: localhost:58136}, networkConnectionEnabled: false, pageLoadStrategy: normal, platformName: WINDOWS, proxy: Proxy(), se:cdp: ws://localhost:58136/devtoo..., se:cdpVersion: 110.0.5481.178, setWindowRect: true, strictFileInteractability: false, timeouts: {implicit: 0, pageLoad: 300000, script: 30000}, unhandledPromptBehavior: dismiss and notify, webauthn:extension:credBlob: true, webauthn:extension:largeBlob: true, webauthn:virtualAuthenticators: true}\nSession ID: 79c2d721f294e6ec27622d13f3deb029","trace":"org.openqa.selenium.NoSuchWindowException: no such window: target window already closed\nfrom unknown error: web view not found\n  (Session info: chrome=110.0.5481.178)\nBuild info: version: '4.7.2', revision: '4d4020c3b7'\nSystem info: os.name: 'Windows 11', os.arch: 'amd64', os.version: '10.0', java.version: '19.0.1'\nDriver info: org.openqa.selenium.chrome.ChromeDriver\nCommand: [79c2d721f294e6ec27622d13f3deb029, getTitle {}]\nCapabilities {acceptInsecureCerts: false, browserName: chrome, browserVersion: 110.0.5481.178, chrome: {chromedriverVersion: 110.0.5481.77 (65ed616c6e8e..., userDataDir: C:\\Users\\karth\\AppData\\Loca...}, goog:chromeOptions: {debuggerAddress: localhost:58136}, networkConnectionEnabled: false, pageLoadStrategy: normal, platformName: WINDOWS, proxy: Proxy(), se:cdp: ws://localhost:58136/devtoo..., se:cdpVersion: 110.0.5481.178, setWindowRect: true, strictFileInteractability: false, timeouts: {implicit: 0, pageLoad: 300000, script: 30000}, unhandledPromptBehavior: dismiss and notify, webauthn:extension:credBlob: true, webauthn:extension:largeBlob: true, webauthn:virtualAuthenticators: true}\nSession ID: 79c2d721f294e6ec27622d13f3deb029\r\n\tat java.base/jdk.internal.reflect.DirectConstructorHandleAccessor.newInstance(DirectConstructorHandleAccessor.java:67)\r\n\tat java.base/java.lang.reflect.Constructor.newInstanceWithCaller(Constructor.java:500)\r\n\tat java.base/java.lang.reflect.Constructor.newInstance(Constructor.java:484)\r\n\tat org.openqa.selenium.remote.codec.w3c.W3CHttpResponseCodec.createException(W3CHttpResponseCodec.java:200)\r\n\tat org.openqa.selenium.remote.codec.w3c.W3CHttpResponseCodec.decode(W3CHttpResponseCodec.java:133)\r\n\tat org.openqa.selenium.remote.codec.w3c.W3CHttpResponseCodec.decode(W3CHttpResponseCodec.java:53)\r\n\tat org.openqa.selenium.remote.HttpCommandExecutor.execute(HttpCommandExecutor.java:184)\r\n\tat org.openqa.selenium.remote.service.DriverCommandExecutor.invokeExecute(DriverCommandExecutor.java:167)\r\n\tat org.openqa.selenium.remote.service.DriverCommandExecutor.execute(DriverCommandExecutor.java:142)\r\n\tat org.openqa.selenium.remote.RemoteWebDriver.execute(RemoteWebDriver.java:535)\r\n\tat org.openqa.selenium.remote.RemoteWebDriver.execute(RemoteWebDriver.java:590)\r\n\tat org.openqa.selenium.remote.RemoteWebDriver.execute(RemoteWebDriver.java:594)\r\n\tat org.openqa.selenium.remote.RemoteWebDriver.getTitle(RemoteWebDriver.java:301)\r\n\tat page_objects.QueuePage.getQueuePageTitle(QueuePage.java:85)\r\n\tat step_definitions.Queue_stepdef.user_in_implementation_using_collections_page(Queue_stepdef.java:191)\r\n\tat ✽.User in implementation using collections page(file:///C:/Users/karth/Dsalgo_The-Xpathers/src/test/resources/features/08_Queue.feature:39)\r\n"},"stage":"finished","steps":[{"name":"Given  User in implementation using collections page","status":"broken","statusDetails":{"known":false,"muted":false,"flaky":false,"message":"no such window: target window already closed\nfrom unknown error: web view not found\n  (Session info: chrome=110.0.5481.178)\nBuild info: version: '4.7.2', revision: '4d4020c3b7'\nSystem info: os.name: 'Windows 11', os.arch: 'amd64', os.version: '10.0', java.version: '19.0.1'\nDriver info: org.openqa.selenium.chrome.ChromeDriver\nCommand: [79c2d721f294e6ec27622d13f3deb029, getTitle {}]\nCapabilities {acceptInsecureCerts: false, browserName: chrome, browserVersion: 110.0.5481.178, chrome: {chromedriverVersion: 110.0.5481.77 (65ed616c6e8e..., userDataDir: C:\\Users\\karth\\AppData\\Loca...}, goog:chromeOptions: {debuggerAddress: localhost:58136}, networkConnectionEnabled: false, pageLoadStrategy: normal, platformName: WINDOWS, proxy: Proxy(), se:cdp: ws://localhost:58136/devtoo..., se:cdpVersion: 110.0.5481.178, setWindowRect: true, strictFileInteractability: false, timeouts: {implicit: 0, pageLoad: 300000, script: 30000}, unhandledPromptBehavior: dismiss and notify, webauthn:extension:credBlob: true, webauthn:extension:largeBlob: true, webauthn:virtualAuthenticators: true}\nSession ID: 79c2d721f294e6ec27622d13f3deb029","trace":"org.openqa.selenium.NoSuchWindowException: no such window: target window already closed\nfrom unknown error: web view not found\n  (Session info: chrome=110.0.5481.178)\nBuild info: version: '4.7.2', revision: '4d4020c3b7'\nSystem info: os.name: 'Windows 11', os.arch: 'amd64', os.version: '10.0', java.version: '19.0.1'\nDriver info: org.openqa.selenium.chrome.ChromeDriver\nCommand: [79c2d721f294e6ec27622d13f3deb029, getTitle {}]\nCapabilities {acceptInsecureCerts: false, browserName: chrome, browserVersion: 110.0.5481.178, chrome: {chromedriverVersion: 110.0.5481.77 (65ed616c6e8e..., userDataDir: C:\\Users\\karth\\AppData\\Loca...}, goog:chromeOptions: {debuggerAddress: localhost:58136}, networkConnectionEnabled: false, pageLoadStrategy: normal, platformName: WINDOWS, proxy: Proxy(), se:cdp: ws://localhost:58136/devtoo..., se:cdpVersion: 110.0.5481.178, setWindowRect: true, strictFileInteractability: false, timeouts: {implicit: 0, pageLoad: 300000, script: 30000}, unhandledPromptBehavior: dismiss and notify, webauthn:extension:credBlob: true, webauthn:extension:largeBlob: true, webauthn:virtualAuthenticators: true}\nSession ID: 79c2d721f294e6ec27622d13f3deb029\r\n\tat java.base/jdk.internal.reflect.DirectConstructorHandleAccessor.newInstance(DirectConstructorHandleAccessor.java:67)\r\n\tat java.base/java.lang.reflect.Constructor.newInstanceWithCaller(Constructor.java:500)\r\n\tat java.base/java.lang.reflect.Constructor.newInstance(Constructor.java:484)\r\n\tat org.openqa.selenium.remote.codec.w3c.W3CHttpResponseCodec.createException(W3CHttpResponseCodec.java:200)\r\n\tat org.openqa.selenium.remote.codec.w3c.W3CHttpResponseCodec.decode(W3CHttpResponseCodec.java:133)\r\n\tat org.openqa.selenium.remote.codec.w3c.W3CHttpResponseCodec.decode(W3CHttpResponseCodec.java:53)\r\n\tat org.openqa.selenium.remote.HttpCommandExecutor.execute(HttpCommandExecutor.java:184)\r\n\tat org.openqa.selenium.remote.service.DriverCommandExecutor.invokeExecute(DriverCommandExecutor.java:167)\r\n\tat org.openqa.selenium.remote.service.DriverCommandExecutor.execute(DriverCommandExecutor.java:142)\r\n\tat org.openqa.selenium.remote.RemoteWebDriver.execute(RemoteWebDriver.java:535)\r\n\tat org.openqa.selenium.remote.RemoteWebDriver.execute(RemoteWebDriver.java:590)\r\n\tat org.openqa.selenium.remote.RemoteWebDriver.execute(RemoteWebDriver.java:594)\r\n\tat org.openqa.selenium.remote.RemoteWebDriver.getTitle(RemoteWebDriver.java:301)\r\n\tat page_objects.QueuePage.getQueuePageTitle(QueuePage.java:85)\r\n\tat step_definitions.Queue_stepdef.user_in_implementation_using_collections_page(Queue_stepdef.java:191)\r\n\tat ✽.User in implementation using collections page(file:///C:/Users/karth/Dsalgo_The-Xpathers/src/test/resources/features/08_Queue.feature:39)\r\n"},"stage":"finished","steps":[],"attachments":[],"parameters":[],"start":1677556774070,"stop":1677556774073},{"name":"When  User clicks on Tryhere link for collections page","status":"skipped","statusDetails":{"known":false,"muted":false,"flaky":false},"stage":"finished","steps":[],"attachments":[],"parameters":[],"start":1677556774074,"stop":1677556774074},{"name":"Then  User navigates to Editor page to enter valid python code for collections page","status":"skipped","statusDetails":{"known":false,"muted":false,"flaky":false},"stage":"finished","steps":[],"attachments":[],"parameters":[],"start":1677556774074,"stop":1677556774074},{"name":"And  User clicks on the run button for collections page","status":"skipped","statusDetails":{"known":false,"muted":false,"flaky":false},"stage":"finished","steps":[],"attachments":[],"parameters":[],"start":1677556774074,"stop":1677556774074},{"name":"Then  The user is presented with the result after run button is clicked for collections page","status":"skipped","statusDetails":{"known":false,"muted":false,"flaky":false},"stage":"finished","steps":[],"attachments":[],"parameters":[],"start":1677556774074,"stop":1677556774074}],"attachments":[],"parameters":[],"start":1677556774068,"stop":1677556774075}