{"uuid":"5b0a3edd-b9d2-497d-a160-fa96dd2c03a5","historyId":"fc8f6e1a525b935b7de1150afa758a35","fullName":"User to sign in the dsalgo application and test Queue page: The User is presented with error message for invalid code in Editor for Queue Operations page","labels":[{"name":"tag","value":"QueueSuite"},{"name":"tag","value":"TestSuite_queue_13"},{"name":"host","value":"LAPTOP-K63R5G3F"},{"name":"thread","value":"94512@LAPTOP-K63R5G3F.main(1)"},{"name":"feature","value":"User to sign in the dsalgo application and test Queue page"},{"name":"story","value":"The User is presented with error message for invalid code in Editor for Queue Operations page"},{"name":"suite","value":"User to sign in the dsalgo application and test Queue page"},{"name":"testClass","value":"The User is presented with error message for invalid code in Editor for Queue Operations page"},{"name":"framework","value":"cucumber4jvm"},{"name":"language","value":"java"},{"name":"gherkin_uri","value":"file:///C:/Users/karth/Dsalgo_The-Xpathers/src/test/resources/features/08_Queue.feature"},{"name":"package","value":"src.test.resources.features.08_Queue_feature.User to sign in the dsalgo application and test Queue page"}],"links":[],"name":"The User is presented with error message for invalid code in Editor for Queue Operations page","status":"broken","statusDetails":{"known":false,"muted":false,"flaky":false,"message":"no such window: target window already closed\nfrom unknown error: web view not found\n  (Session info: chrome=110.0.5481.178)\nBuild info: version: '4.7.2', revision: '4d4020c3b7'\nSystem info: os.name: 'Windows 11', os.arch: 'amd64', os.version: '10.0', java.version: '19.0.1'\nDriver info: org.openqa.selenium.chrome.ChromeDriver\nCommand: [94dee4fb01cea57ad835a913776e52da, get {url=https://dsportalapp.herokuapp.com/tryEditor}]\nCapabilities {acceptInsecureCerts: false, browserName: chrome, browserVersion: 110.0.5481.178, chrome: {chromedriverVersion: 110.0.5481.77 (65ed616c6e8e..., userDataDir: C:\\Users\\karth\\AppData\\Loca...}, goog:chromeOptions: {debuggerAddress: localhost:57659}, networkConnectionEnabled: false, pageLoadStrategy: normal, platformName: WINDOWS, proxy: Proxy(), se:cdp: ws://localhost:57659/devtoo..., se:cdpVersion: 110.0.5481.178, setWindowRect: true, strictFileInteractability: false, timeouts: {implicit: 0, pageLoad: 300000, script: 30000}, unhandledPromptBehavior: dismiss and notify, webauthn:extension:credBlob: true, webauthn:extension:largeBlob: true, webauthn:virtualAuthenticators: true}\nSession ID: 94dee4fb01cea57ad835a913776e52da","trace":"org.openqa.selenium.NoSuchWindowException: no such window: target window already closed\nfrom unknown error: web view not found\n  (Session info: chrome=110.0.5481.178)\nBuild info: version: '4.7.2', revision: '4d4020c3b7'\nSystem info: os.name: 'Windows 11', os.arch: 'amd64', os.version: '10.0', java.version: '19.0.1'\nDriver info: org.openqa.selenium.chrome.ChromeDriver\nCommand: [94dee4fb01cea57ad835a913776e52da, get {url=https://dsportalapp.herokuapp.com/tryEditor}]\nCapabilities {acceptInsecureCerts: false, browserName: chrome, browserVersion: 110.0.5481.178, chrome: {chromedriverVersion: 110.0.5481.77 (65ed616c6e8e..., userDataDir: C:\\Users\\karth\\AppData\\Loca...}, goog:chromeOptions: {debuggerAddress: localhost:57659}, networkConnectionEnabled: false, pageLoadStrategy: normal, platformName: WINDOWS, proxy: Proxy(), se:cdp: ws://localhost:57659/devtoo..., se:cdpVersion: 110.0.5481.178, setWindowRect: true, strictFileInteractability: false, timeouts: {implicit: 0, pageLoad: 300000, script: 30000}, unhandledPromptBehavior: dismiss and notify, webauthn:extension:credBlob: true, webauthn:extension:largeBlob: true, webauthn:virtualAuthenticators: true}\nSession ID: 94dee4fb01cea57ad835a913776e52da\r\n\tat java.base/jdk.internal.reflect.DirectConstructorHandleAccessor.newInstance(DirectConstructorHandleAccessor.java:67)\r\n\tat java.base/java.lang.reflect.Constructor.newInstanceWithCaller(Constructor.java:500)\r\n\tat java.base/java.lang.reflect.Constructor.newInstance(Constructor.java:484)\r\n\tat org.openqa.selenium.remote.codec.w3c.W3CHttpResponseCodec.createException(W3CHttpResponseCodec.java:200)\r\n\tat org.openqa.selenium.remote.codec.w3c.W3CHttpResponseCodec.decode(W3CHttpResponseCodec.java:133)\r\n\tat org.openqa.selenium.remote.codec.w3c.W3CHttpResponseCodec.decode(W3CHttpResponseCodec.java:53)\r\n\tat org.openqa.selenium.remote.HttpCommandExecutor.execute(HttpCommandExecutor.java:184)\r\n\tat org.openqa.selenium.remote.service.DriverCommandExecutor.invokeExecute(DriverCommandExecutor.java:167)\r\n\tat org.openqa.selenium.remote.service.DriverCommandExecutor.execute(DriverCommandExecutor.java:142)\r\n\tat org.openqa.selenium.remote.RemoteWebDriver.execute(RemoteWebDriver.java:535)\r\n\tat org.openqa.selenium.remote.RemoteWebDriver.get(RemoteWebDriver.java:296)\r\n\tat page_objects.QueuePage.navigateToEditorUrl(QueuePage.java:145)\r\n\tat step_definitions.Queue_stepdef.user_is_in_a_page_having_an_editor_with_a_run_button_to_test_for_queue_operations_page(Queue_stepdef.java:434)\r\n\tat ✽.User is in a page having an Editor with a Run button to test for Queue Operations page(file:///C:/Users/karth/Dsalgo_The-Xpathers/src/test/resources/features/08_Queue.feature:89)\r\n"},"stage":"finished","steps":[{"name":"Given  User is in a page having an Editor with a Run button to test for Queue Operations page","status":"broken","statusDetails":{"known":false,"muted":false,"flaky":false,"message":"no such window: target window already closed\nfrom unknown error: web view not found\n  (Session info: chrome=110.0.5481.178)\nBuild info: version: '4.7.2', revision: '4d4020c3b7'\nSystem info: os.name: 'Windows 11', os.arch: 'amd64', os.version: '10.0', java.version: '19.0.1'\nDriver info: org.openqa.selenium.chrome.ChromeDriver\nCommand: [94dee4fb01cea57ad835a913776e52da, get {url=https://dsportalapp.herokuapp.com/tryEditor}]\nCapabilities {acceptInsecureCerts: false, browserName: chrome, browserVersion: 110.0.5481.178, chrome: {chromedriverVersion: 110.0.5481.77 (65ed616c6e8e..., userDataDir: C:\\Users\\karth\\AppData\\Loca...}, goog:chromeOptions: {debuggerAddress: localhost:57659}, networkConnectionEnabled: false, pageLoadStrategy: normal, platformName: WINDOWS, proxy: Proxy(), se:cdp: ws://localhost:57659/devtoo..., se:cdpVersion: 110.0.5481.178, setWindowRect: true, strictFileInteractability: false, timeouts: {implicit: 0, pageLoad: 300000, script: 30000}, unhandledPromptBehavior: dismiss and notify, webauthn:extension:credBlob: true, webauthn:extension:largeBlob: true, webauthn:virtualAuthenticators: true}\nSession ID: 94dee4fb01cea57ad835a913776e52da","trace":"org.openqa.selenium.NoSuchWindowException: no such window: target window already closed\nfrom unknown error: web view not found\n  (Session info: chrome=110.0.5481.178)\nBuild info: version: '4.7.2', revision: '4d4020c3b7'\nSystem info: os.name: 'Windows 11', os.arch: 'amd64', os.version: '10.0', java.version: '19.0.1'\nDriver info: org.openqa.selenium.chrome.ChromeDriver\nCommand: [94dee4fb01cea57ad835a913776e52da, get {url=https://dsportalapp.herokuapp.com/tryEditor}]\nCapabilities {acceptInsecureCerts: false, browserName: chrome, browserVersion: 110.0.5481.178, chrome: {chromedriverVersion: 110.0.5481.77 (65ed616c6e8e..., userDataDir: C:\\Users\\karth\\AppData\\Loca...}, goog:chromeOptions: {debuggerAddress: localhost:57659}, networkConnectionEnabled: false, pageLoadStrategy: normal, platformName: WINDOWS, proxy: Proxy(), se:cdp: ws://localhost:57659/devtoo..., se:cdpVersion: 110.0.5481.178, setWindowRect: true, strictFileInteractability: false, timeouts: {implicit: 0, pageLoad: 300000, script: 30000}, unhandledPromptBehavior: dismiss and notify, webauthn:extension:credBlob: true, webauthn:extension:largeBlob: true, webauthn:virtualAuthenticators: true}\nSession ID: 94dee4fb01cea57ad835a913776e52da\r\n\tat java.base/jdk.internal.reflect.DirectConstructorHandleAccessor.newInstance(DirectConstructorHandleAccessor.java:67)\r\n\tat java.base/java.lang.reflect.Constructor.newInstanceWithCaller(Constructor.java:500)\r\n\tat java.base/java.lang.reflect.Constructor.newInstance(Constructor.java:484)\r\n\tat org.openqa.selenium.remote.codec.w3c.W3CHttpResponseCodec.createException(W3CHttpResponseCodec.java:200)\r\n\tat org.openqa.selenium.remote.codec.w3c.W3CHttpResponseCodec.decode(W3CHttpResponseCodec.java:133)\r\n\tat org.openqa.selenium.remote.codec.w3c.W3CHttpResponseCodec.decode(W3CHttpResponseCodec.java:53)\r\n\tat org.openqa.selenium.remote.HttpCommandExecutor.execute(HttpCommandExecutor.java:184)\r\n\tat org.openqa.selenium.remote.service.DriverCommandExecutor.invokeExecute(DriverCommandExecutor.java:167)\r\n\tat org.openqa.selenium.remote.service.DriverCommandExecutor.execute(DriverCommandExecutor.java:142)\r\n\tat org.openqa.selenium.remote.RemoteWebDriver.execute(RemoteWebDriver.java:535)\r\n\tat org.openqa.selenium.remote.RemoteWebDriver.get(RemoteWebDriver.java:296)\r\n\tat page_objects.QueuePage.navigateToEditorUrl(QueuePage.java:145)\r\n\tat step_definitions.Queue_stepdef.user_is_in_a_page_having_an_editor_with_a_run_button_to_test_for_queue_operations_page(Queue_stepdef.java:434)\r\n\tat ✽.User is in a page having an Editor with a Run button to test for Queue Operations page(file:///C:/Users/karth/Dsalgo_The-Xpathers/src/test/resources/features/08_Queue.feature:89)\r\n"},"stage":"finished","steps":[],"attachments":[],"parameters":[],"start":1677556265780,"stop":1677556265800},{"name":"When  User enters invalid python code in Editor for Queue Operations page","status":"skipped","statusDetails":{"known":false,"muted":false,"flaky":false},"stage":"finished","steps":[],"attachments":[],"parameters":[],"start":1677556265801,"stop":1677556265801},{"name":"And  clicks run button for Queue Operations page","status":"skipped","statusDetails":{"known":false,"muted":false,"flaky":false},"stage":"finished","steps":[],"attachments":[],"parameters":[],"start":1677556265801,"stop":1677556265802},{"name":"Then  The user gets an error message for Queue Operations page","status":"skipped","statusDetails":{"known":false,"muted":false,"flaky":false},"stage":"finished","steps":[],"attachments":[],"parameters":[],"start":1677556265802,"stop":1677556265802}],"attachments":[],"parameters":[],"start":1677556265772,"stop":1677556265802}